2025-08-31 02:00:10,489 - __main__ - INFO - 🤖 Starting Automated ML Pipeline
2025-08-31 02:00:10,490 - __main__ - INFO - ============================================================
2025-08-31 02:00:10,490 - __main__ - INFO - Continuous model updates for production deployment
2025-08-31 02:00:10,490 - __main__ - INFO - 🔄 Refreshing master dataset with incremental data
2025-08-31 02:00:21,189 - __main__ - INFO - ✅ Master dataset refreshed successfully
2025-08-31 02:00:21,192 - __main__ - INFO - 🎯 Training models for specified zones: ['SYSTEM']
2025-08-31 02:00:21,193 - __main__ - INFO - 🔧 Building unified features for training
2025-08-31 02:00:21,193 - src.features.unified_feature_pipeline - INFO - Building unified feature dataset
2025-08-31 02:00:21,194 - src.features.unified_feature_pipeline - INFO - Power data: data/master/caiso_california_clean.parquet
2025-08-31 02:00:21,194 - src.features.unified_feature_pipeline - INFO - Weather data: None
2025-08-31 02:00:21,194 - src.features.unified_feature_pipeline - INFO - Forecast data: data/forecasts
2025-08-31 02:00:21,194 - src.features.unified_feature_pipeline - INFO - Loading power data from data/master/caiso_california_clean.parquet
2025-08-31 02:00:23,590 - src.features.unified_feature_pipeline - INFO - Loaded power data: 524,824 records, 1 zones
2025-08-31 02:00:23,595 - src.features.unified_feature_pipeline - INFO - Date range: 2020-08-28 19:00:00+00:00 to 2025-08-30 19:30:00+00:00
2025-08-31 02:00:23,596 - src.features.unified_feature_pipeline - INFO - Loading forecast weather data from data/forecasts
2025-08-31 02:00:23,598 - src.features.unified_feature_pipeline - WARNING - No forecast data files found
2025-08-31 02:00:23,598 - src.features.unified_feature_pipeline - INFO - Merging power, weather, and forecast datasets
2025-08-31 02:00:23,906 - src.features.unified_feature_pipeline - INFO - Dataset merge completed: 524824 records, 6 columns
2025-08-31 02:00:23,906 - src.features.unified_feature_pipeline - INFO - Creating temporal features
2025-08-31 02:00:24,244 - src.features.unified_feature_pipeline - INFO - Created temporal features
2025-08-31 02:00:24,260 - src.features.unified_feature_pipeline - INFO - Creating power lag features for lags: [1, 24]
2025-08-31 02:00:24,957 - src.features.unified_feature_pipeline - INFO - Created 2 lag features
2025-08-31 02:00:25,015 - src.features.unified_feature_pipeline - INFO - Creating weather interaction features
2025-08-31 02:00:25,048 - src.features.unified_feature_pipeline - INFO - Created weather interaction features
2025-08-31 02:00:25,067 - src.features.unified_feature_pipeline - INFO - Unified feature dataset completed: 524824 records, 20 features
2025-08-31 02:00:25,082 - __main__ - INFO - 🔍 Validating training data quality
2025-08-31 02:00:25,104 - __main__ - INFO - ✅ Data freshness: 0 days old
2025-08-31 02:00:25,135 - __main__ - INFO - ✅ Load data range: 9925.4 - 51725.4 MW
2025-08-31 02:00:25,135 - __main__ - INFO - ✅ Training data validation passed
2025-08-31 02:00:25,139 - __main__ - INFO - 🤖 Training zone-specific models for 1 zones
2025-08-31 02:00:25,147 - __main__ - INFO - 🎯 Training models for zone: SYSTEM
2025-08-31 02:00:25,286 - __main__ - INFO - Zone SYSTEM: 524,824 total records
2025-08-31 02:00:25,287 - src.models.production_config - INFO - Preparing hybrid training data for SYSTEM
2025-08-31 02:00:25,537 - src.models.production_config - INFO - Applying data preprocessing for zone SYSTEM
2025-08-31 02:00:25,573 - src.models.production_config - INFO - Zone SYSTEM: Data preprocessing complete - removed 0.0% of data
2025-08-31 02:00:25,674 - src.models.production_config - INFO - Hybrid training data prepared:
2025-08-31 02:00:25,675 - src.models.production_config - INFO -   Total records: 206,967
2025-08-31 02:00:25,676 - src.models.production_config - INFO -   Date range: 2023-09-10 to 2025-08-30
2025-08-31 02:00:25,676 - src.models.production_config - INFO -   Months covered: 12/12
2025-08-31 02:00:25,677 - src.models.production_config - INFO -   Recent data (weighted 2.0x): 51,780 records
2025-08-31 02:00:25,677 - src.models.production_config - INFO -   Historical data (1x weight): 155,187 records
2025-08-31 02:00:25,717 - __main__ - INFO - Zone SYSTEM: Using hybrid training strategy: 206,967 records
2025-08-31 02:00:25,717 - __main__ - INFO - Zone SYSTEM: Creating extreme temporal features...
2025-08-31 02:00:25,983 - src.models.production_config - INFO - Created extreme temporal features: 39 new features
2025-08-31 02:00:25,994 - __main__ - INFO - Zone SYSTEM: Training baseline model...
2025-08-31 02:00:25,994 - src.models.production_config - INFO - Applied zone-specific parameters for SYSTEM: {'max_depth': 5, 'learning_rate': 0.04, 'reg_alpha': 0.2, 'reg_lambda': 1.0, 'n_estimators': 1500}
2025-08-31 02:00:25,994 - src.models.production_config - INFO - Created balanced production model configuration for zone SYSTEM
2025-08-31 02:00:25,994 - src.models.enhanced_xgboost - INFO - Preparing training data
2025-08-31 02:00:25,995 - src.models.enhanced_xgboost - INFO - Selected 13 features from 13 candidates
2025-08-31 02:00:26,031 - src.models.enhanced_xgboost - INFO - Training data prepared: 206967 samples, 13 features
2025-08-31 02:00:26,031 - src.models.enhanced_xgboost - INFO - Training enhanced XGBoost model
2025-08-31 02:00:26,044 - src.models.enhanced_xgboost - INFO - Applying weight 0.3 to 2 lag features
2025-08-31 02:00:26,221 - src.models.enhanced_xgboost - INFO - Applied robust scaling to 13 features
2025-08-31 02:00:40,423 - src.models.enhanced_xgboost - INFO - Validation Performance Metrics:
2025-08-31 02:00:40,423 - src.models.enhanced_xgboost - INFO -   MAE: 100.86
2025-08-31 02:00:40,423 - src.models.enhanced_xgboost - INFO -   RMSE: 150.97
2025-08-31 02:00:40,423 - src.models.enhanced_xgboost - INFO -   R²: 0.9991
2025-08-31 02:00:40,423 - src.models.enhanced_xgboost - INFO -   MAPE: 0.42%
2025-08-31 02:00:42,445 - src.models.enhanced_xgboost - INFO - Training Performance Metrics:
2025-08-31 02:00:42,445 - src.models.enhanced_xgboost - INFO -   MAE: 56.92
2025-08-31 02:00:42,445 - src.models.enhanced_xgboost - INFO -   RMSE: 88.93
2025-08-31 02:00:42,445 - src.models.enhanced_xgboost - INFO -   R²: 0.9996
2025-08-31 02:00:42,445 - src.models.enhanced_xgboost - INFO -   MAPE: 0.25%
2025-08-31 02:00:42,445 - src.models.enhanced_xgboost - INFO - Model training completed successfully
2025-08-31 02:00:42,479 - __main__ - INFO - Zone SYSTEM: ✅ Baseline model trained - MAPE: 0.42%
2025-08-31 02:00:42,479 - __main__ - INFO - Zone SYSTEM: Training enhanced model with improved configuration...
2025-08-31 02:00:42,479 - src.models.production_config - INFO - Applied zone-specific parameters for SYSTEM: {'max_depth': 5, 'learning_rate': 0.04, 'reg_alpha': 0.2, 'reg_lambda': 1.0, 'n_estimators': 1500}
2025-08-31 02:00:42,479 - src.models.production_config - INFO - Created extreme_temporal production model configuration for zone SYSTEM
2025-08-31 02:00:42,479 - src.models.enhanced_xgboost - INFO - Preparing training data
2025-08-31 02:00:42,480 - src.models.enhanced_xgboost - WARNING - Missing features: ['hour_squared', 'morning_peak', 'night_low', 'weekend_hour', 'weekday_hour', 'summer_indicator', 'winter_indicator', 'summer_hour', 'winter_hour', 'business_day', 'business_hour', 'hour_sin_cos', 'temp_c', 'humidity', 'wind_speed_kmh', 'temp_c_squared', 'cooling_degree_days', 'heating_degree_days', 'temp_humidity_interaction', 'heat_index_approx', 'temp_forecast_6h', 'temp_forecast_12h', 'temp_forecast_24h', 'cooling_forecast_6h', 'heating_forecast_6h', 'temp_change_rate_6h', 'weather_volatility_6h', 'heat_wave_incoming', 'cold_snap_incoming']
2025-08-31 02:00:42,480 - src.models.enhanced_xgboost - INFO - Selected 45 features from 74 candidates
2025-08-31 02:00:42,651 - src.models.enhanced_xgboost - INFO - Training data prepared: 206967 samples, 45 features
2025-08-31 02:00:42,652 - src.models.enhanced_xgboost - INFO - Training enhanced XGBoost model
2025-08-31 02:00:42,699 - src.models.enhanced_xgboost - INFO - Applying weight 0.001 to 2 lag features
2025-08-31 02:00:43,289 - src.models.enhanced_xgboost - INFO - Applied robust scaling to 45 features
2025-08-31 02:01:08,206 - src.models.enhanced_xgboost - INFO - Validation Performance Metrics:
2025-08-31 02:01:08,206 - src.models.enhanced_xgboost - INFO -   MAE: 369.26
2025-08-31 02:01:08,206 - src.models.enhanced_xgboost - INFO -   RMSE: 523.03
2025-08-31 02:01:08,206 - src.models.enhanced_xgboost - INFO -   R²: 0.9889
2025-08-31 02:01:08,206 - src.models.enhanced_xgboost - INFO -   MAPE: 1.54%
2025-08-31 02:01:09,936 - src.models.enhanced_xgboost - INFO - Training Performance Metrics:
2025-08-31 02:01:09,937 - src.models.enhanced_xgboost - INFO -   MAE: 112.42
2025-08-31 02:01:09,937 - src.models.enhanced_xgboost - INFO -   RMSE: 155.98
2025-08-31 02:01:09,937 - src.models.enhanced_xgboost - INFO -   R²: 0.9989
2025-08-31 02:01:09,937 - src.models.enhanced_xgboost - INFO -   MAPE: 0.49%
2025-08-31 02:01:09,937 - src.models.enhanced_xgboost - INFO - Model training completed successfully
2025-08-31 02:01:09,970 - __main__ - INFO - Zone SYSTEM: ✅ Enhanced model trained - MAPE: 1.54%
2025-08-31 02:01:09,970 - __main__ - INFO - Zone SYSTEM: ✅ Model training completed successfully
2025-08-31 02:01:09,970 - __main__ - INFO - Zone SYSTEM:    - Baseline MAPE: 0.42%
2025-08-31 02:01:09,970 - __main__ - INFO - Zone SYSTEM:    - Enhanced MAPE: 1.54%
2025-08-31 02:01:09,971 - __main__ - INFO - Zone SYSTEM:    - R²: 0.9889
2025-08-31 02:01:09,971 - __main__ - INFO - 🎉 All zone models trained successfully: 1 zones
2025-08-31 02:01:10,017 - __main__ - INFO - 🔧 Training zone-specific LightGBM models...
2025-08-31 02:01:10,017 - __main__ - INFO - 🎯 Training LightGBM model for zone: SYSTEM
2025-08-31 02:01:10,153 - __main__ - INFO - ⚡ Training LightGBM model
2025-08-31 02:01:10,153 - src.models.production_config - INFO - Applied zone-specific parameters for SYSTEM: {'max_depth': 5, 'learning_rate': 0.04, 'reg_alpha': 0.2, 'reg_lambda': 1.0, 'n_estimators': 1500}
2025-08-31 02:01:10,153 - src.models.production_config - INFO - Created extreme_temporal production model configuration for zone SYSTEM
2025-08-31 02:01:10,153 - src.models.enhanced_xgboost - INFO - Preparing training data
2025-08-31 02:01:10,155 - src.models.enhanced_xgboost - WARNING - Missing features: ['hour_squared', 'hour_cubed', 'hour_quartic', 'morning_peak', 'afternoon_peak', 'evening_peak', 'night_low', 'weekend_hour', 'weekday_hour', 'summer_indicator', 'winter_indicator', 'summer_hour', 'winter_hour', 'business_day', 'business_hour', 'hour_sin_2', 'hour_cos_2', 'hour_sin_cos', 'hour_sin_3', 'hour_cos_3', 'hour_sin_4', 'hour_cos_4', 'hour_sin_6', 'hour_cos_6', 'hour_sin_8', 'hour_cos_8', 'hour_sin_12', 'hour_cos_12', 'early_morning', 'morning_ramp', 'midday_peak', 'afternoon_peak', 'evening_decline', 'overnight_low', 'summer_afternoon', 'summer_evening', 'winter_morning', 'workday_morning', 'workday_afternoon', 'weekend_midday', 'ac_hour_14', 'ac_hour_15', 'ac_hour_16', 'ac_hour_17', 'temp_c', 'humidity', 'wind_speed_kmh', 'temp_c_squared', 'cooling_degree_days', 'heating_degree_days', 'temp_humidity_interaction', 'heat_index_approx', 'temp_forecast_6h', 'temp_forecast_12h', 'temp_forecast_24h', 'cooling_forecast_6h', 'heating_forecast_6h', 'temp_change_rate_6h', 'weather_volatility_6h', 'heat_wave_incoming', 'cold_snap_incoming']
2025-08-31 02:01:10,155 - src.models.enhanced_xgboost - INFO - Selected 13 features from 74 candidates
2025-08-31 02:01:10,210 - src.models.enhanced_xgboost - INFO - Training data prepared: 524824 samples, 13 features
2025-08-31 02:01:10,211 - __main__ - INFO - Using 13 extreme temporal features for LightGBM training
2025-08-31 02:01:10,355 - src.models.lightgbm_model - INFO - Starting LightGBM training...
2025-08-31 02:01:34,303 - src.models.lightgbm_model - INFO - LightGBM training completed successfully
2025-08-31 02:01:34,304 - __main__ - INFO - ✅ LightGBM model trained - MAPE: 0.2252%
2025-08-31 02:01:34,369 - src.models.lightgbm_model - INFO - LightGBM model saved to data/trained_models/lightgbm_model_20250831_020134.joblib
2025-08-31 02:01:34,369 - __main__ - INFO - LightGBM model saved to data/trained_models/lightgbm_model_20250831_020134.joblib
2025-08-31 02:01:34,438 - src.models.lightgbm_model - INFO - LightGBM model saved to data/trained_models/lightgbm_model_SYSTEM_20250831_020134.joblib
2025-08-31 02:01:34,438 - __main__ - INFO - ✅ LightGBM model for SYSTEM saved to data/trained_models/lightgbm_model_SYSTEM_20250831_020134.joblib
2025-08-31 02:01:34,438 - __main__ - INFO - ✅ Zone-specific LightGBM model training completed
2025-08-31 02:01:34,439 - __main__ - INFO - 🚀 Deploying models for zone SYSTEM
2025-08-31 02:01:34,477 - src.models.enhanced_xgboost - INFO - Model saved to data/production_models/SYSTEM/baseline_model_current.joblib
2025-08-31 02:01:34,509 - src.models.enhanced_xgboost - INFO - Model saved to data/model_backups/20250831_020134/SYSTEM/baseline_model.joblib
2025-08-31 02:01:34,510 - __main__ - INFO - ✅ Zone SYSTEM: Baseline model deployed: data/production_models/SYSTEM/baseline_model_current.joblib
2025-08-31 02:01:34,545 - src.models.enhanced_xgboost - INFO - Model saved to data/production_models/SYSTEM/enhanced_model_current.joblib
2025-08-31 02:01:34,583 - src.models.enhanced_xgboost - INFO - Model saved to data/model_backups/20250831_020134/SYSTEM/enhanced_model.joblib
2025-08-31 02:01:34,583 - __main__ - INFO - ✅ Zone SYSTEM: Enhanced model deployed: data/production_models/SYSTEM/enhanced_model_current.joblib
2025-08-31 02:01:34,585 - __main__ - INFO - ✅ Zone SYSTEM: Model deployment completed successfully
2025-08-31 02:01:34,711 - __main__ - INFO - 📊 Generating dashboard data
2025-08-31 02:01:34,711 - __main__ - INFO - Generating historical performance data...
2025-08-31 02:01:34,736 - __main__ - INFO - Generating enhanced model predictions for dashboard...
2025-08-31 02:01:34,773 - __main__ - INFO - ✅ Generated 323 historical data points
2025-08-31 02:01:34,773 - __main__ - INFO - Generating model performance metrics...
2025-08-31 02:01:34,776 - __main__ - INFO - ✅ Model metrics - MAPE: 0.38%, R²: 0.999, Accuracy: 100.0%
2025-08-31 02:01:34,776 - __main__ - INFO - ✅ Dashboard data generation completed
2025-08-31 02:01:34,780 - __main__ - INFO - 🧹 Cleaning up model backups older than 7 days
2025-08-31 02:01:34,786 - __main__ - INFO - ✅ No old backups to clean up
2025-08-31 02:01:34,786 - __main__ - INFO - ============================================================
2025-08-31 02:01:34,786 - __main__ - INFO - ✅ Automated ML Pipeline completed successfully!
2025-08-31 02:01:34,786 - __main__ - INFO -    Fresh models deployed for production use
2025-08-31 02:01:34,786 - __main__ - INFO -    Dashboard can now serve updated predictions
2025-08-31 08:00:09,780 - __main__ - INFO - 🤖 Starting Automated ML Pipeline
2025-08-31 08:00:09,781 - __main__ - INFO - ============================================================
2025-08-31 08:00:09,781 - __main__ - INFO - Continuous model updates for production deployment
2025-08-31 08:00:09,781 - __main__ - INFO - 🔄 Refreshing master dataset with incremental data
2025-08-31 08:00:20,584 - __main__ - INFO - ✅ Master dataset refreshed successfully
2025-08-31 08:00:20,587 - __main__ - INFO - 🎯 Training models for specified zones: ['SYSTEM']
2025-08-31 08:00:20,588 - __main__ - INFO - 🔧 Building unified features for training
2025-08-31 08:00:20,588 - src.features.unified_feature_pipeline - INFO - Building unified feature dataset
2025-08-31 08:00:20,589 - src.features.unified_feature_pipeline - INFO - Power data: data/master/caiso_california_clean.parquet
2025-08-31 08:00:20,589 - src.features.unified_feature_pipeline - INFO - Weather data: None
2025-08-31 08:00:20,589 - src.features.unified_feature_pipeline - INFO - Forecast data: data/forecasts
2025-08-31 08:00:20,589 - src.features.unified_feature_pipeline - INFO - Loading power data from data/master/caiso_california_clean.parquet
2025-08-31 08:00:22,880 - src.features.unified_feature_pipeline - INFO - Loaded power data: 524,824 records, 1 zones
2025-08-31 08:00:22,884 - src.features.unified_feature_pipeline - INFO - Date range: 2020-08-28 19:00:00+00:00 to 2025-08-30 19:30:00+00:00
2025-08-31 08:00:22,885 - src.features.unified_feature_pipeline - INFO - Loading forecast weather data from data/forecasts
2025-08-31 08:00:22,886 - src.features.unified_feature_pipeline - WARNING - No forecast data files found
2025-08-31 08:00:22,886 - src.features.unified_feature_pipeline - INFO - Merging power, weather, and forecast datasets
2025-08-31 08:00:23,198 - src.features.unified_feature_pipeline - INFO - Dataset merge completed: 524824 records, 6 columns
2025-08-31 08:00:23,198 - src.features.unified_feature_pipeline - INFO - Creating temporal features
2025-08-31 08:00:23,539 - src.features.unified_feature_pipeline - INFO - Created temporal features
2025-08-31 08:00:23,555 - src.features.unified_feature_pipeline - INFO - Creating power lag features for lags: [1, 24]
2025-08-31 08:00:24,195 - src.features.unified_feature_pipeline - INFO - Created 2 lag features
2025-08-31 08:00:24,240 - src.features.unified_feature_pipeline - INFO - Creating weather interaction features
2025-08-31 08:00:24,275 - src.features.unified_feature_pipeline - INFO - Created weather interaction features
2025-08-31 08:00:24,295 - src.features.unified_feature_pipeline - INFO - Unified feature dataset completed: 524824 records, 20 features
2025-08-31 08:00:24,313 - __main__ - INFO - 🔍 Validating training data quality
2025-08-31 08:00:24,339 - __main__ - INFO - ✅ Data freshness: 0 days old
2025-08-31 08:00:24,371 - __main__ - INFO - ✅ Load data range: 9925.4 - 51725.4 MW
2025-08-31 08:00:24,371 - __main__ - INFO - ✅ Training data validation passed
2025-08-31 08:00:24,373 - __main__ - INFO - 🤖 Training zone-specific models for 1 zones
2025-08-31 08:00:24,378 - __main__ - INFO - 🎯 Training models for zone: SYSTEM
2025-08-31 08:00:24,510 - __main__ - INFO - Zone SYSTEM: 524,824 total records
2025-08-31 08:00:24,511 - src.models.production_config - INFO - Preparing hybrid training data for SYSTEM
2025-08-31 08:00:24,759 - src.models.production_config - INFO - Applying data preprocessing for zone SYSTEM
2025-08-31 08:00:24,796 - src.models.production_config - INFO - Zone SYSTEM: Data preprocessing complete - removed 0.0% of data
2025-08-31 08:00:24,863 - src.models.production_config - INFO - Hybrid training data prepared:
2025-08-31 08:00:24,863 - src.models.production_config - INFO -   Total records: 206,967
2025-08-31 08:00:24,864 - src.models.production_config - INFO -   Date range: 2023-09-10 to 2025-08-30
2025-08-31 08:00:24,864 - src.models.production_config - INFO -   Months covered: 12/12
2025-08-31 08:00:24,864 - src.models.production_config - INFO -   Recent data (weighted 2.0x): 51,780 records
2025-08-31 08:00:24,865 - src.models.production_config - INFO -   Historical data (1x weight): 155,187 records
2025-08-31 08:00:24,899 - __main__ - INFO - Zone SYSTEM: Using hybrid training strategy: 206,967 records
2025-08-31 08:00:24,900 - __main__ - INFO - Zone SYSTEM: Creating extreme temporal features...
2025-08-31 08:00:25,188 - src.models.production_config - INFO - Created extreme temporal features: 39 new features
2025-08-31 08:00:25,196 - __main__ - INFO - Zone SYSTEM: Training baseline model...
2025-08-31 08:00:25,196 - src.models.production_config - INFO - Applied zone-specific parameters for SYSTEM: {'max_depth': 5, 'learning_rate': 0.04, 'reg_alpha': 0.2, 'reg_lambda': 1.0, 'n_estimators': 1500}
2025-08-31 08:00:25,196 - src.models.production_config - INFO - Created balanced production model configuration for zone SYSTEM
2025-08-31 08:00:25,197 - src.models.enhanced_xgboost - INFO - Preparing training data
2025-08-31 08:00:25,197 - src.models.enhanced_xgboost - INFO - Selected 13 features from 13 candidates
2025-08-31 08:00:25,235 - src.models.enhanced_xgboost - INFO - Training data prepared: 206967 samples, 13 features
2025-08-31 08:00:25,236 - src.models.enhanced_xgboost - INFO - Training enhanced XGBoost model
2025-08-31 08:00:25,248 - src.models.enhanced_xgboost - INFO - Applying weight 0.3 to 2 lag features
2025-08-31 08:00:25,403 - src.models.enhanced_xgboost - INFO - Applied robust scaling to 13 features
2025-08-31 08:00:38,876 - src.models.enhanced_xgboost - INFO - Validation Performance Metrics:
2025-08-31 08:00:38,876 - src.models.enhanced_xgboost - INFO -   MAE: 100.86
2025-08-31 08:00:38,877 - src.models.enhanced_xgboost - INFO -   RMSE: 150.97
2025-08-31 08:00:38,877 - src.models.enhanced_xgboost - INFO -   R²: 0.9991
2025-08-31 08:00:38,877 - src.models.enhanced_xgboost - INFO -   MAPE: 0.42%
2025-08-31 08:00:40,973 - src.models.enhanced_xgboost - INFO - Training Performance Metrics:
2025-08-31 08:00:40,973 - src.models.enhanced_xgboost - INFO -   MAE: 56.92
2025-08-31 08:00:40,973 - src.models.enhanced_xgboost - INFO -   RMSE: 88.93
2025-08-31 08:00:40,973 - src.models.enhanced_xgboost - INFO -   R²: 0.9996
2025-08-31 08:00:40,973 - src.models.enhanced_xgboost - INFO -   MAPE: 0.25%
2025-08-31 08:00:40,973 - src.models.enhanced_xgboost - INFO - Model training completed successfully
2025-08-31 08:00:40,989 - __main__ - INFO - Zone SYSTEM: ✅ Baseline model trained - MAPE: 0.42%
2025-08-31 08:00:40,989 - __main__ - INFO - Zone SYSTEM: Training enhanced model with improved configuration...
2025-08-31 08:00:40,989 - src.models.production_config - INFO - Applied zone-specific parameters for SYSTEM: {'max_depth': 5, 'learning_rate': 0.04, 'reg_alpha': 0.2, 'reg_lambda': 1.0, 'n_estimators': 1500}
2025-08-31 08:00:40,989 - src.models.production_config - INFO - Created extreme_temporal production model configuration for zone SYSTEM
2025-08-31 08:00:40,989 - src.models.enhanced_xgboost - INFO - Preparing training data
2025-08-31 08:00:40,990 - src.models.enhanced_xgboost - WARNING - Missing features: ['hour_squared', 'morning_peak', 'night_low', 'weekend_hour', 'weekday_hour', 'summer_indicator', 'winter_indicator', 'summer_hour', 'winter_hour', 'business_day', 'business_hour', 'hour_sin_cos', 'temp_c', 'humidity', 'wind_speed_kmh', 'temp_c_squared', 'cooling_degree_days', 'heating_degree_days', 'temp_humidity_interaction', 'heat_index_approx', 'temp_forecast_6h', 'temp_forecast_12h', 'temp_forecast_24h', 'cooling_forecast_6h', 'heating_forecast_6h', 'temp_change_rate_6h', 'weather_volatility_6h', 'heat_wave_incoming', 'cold_snap_incoming']
2025-08-31 08:00:40,990 - src.models.enhanced_xgboost - INFO - Selected 45 features from 74 candidates
2025-08-31 08:00:41,139 - src.models.enhanced_xgboost - INFO - Training data prepared: 206967 samples, 45 features
2025-08-31 08:00:41,146 - src.models.enhanced_xgboost - INFO - Training enhanced XGBoost model
2025-08-31 08:00:41,194 - src.models.enhanced_xgboost - INFO - Applying weight 0.001 to 2 lag features
2025-08-31 08:00:41,738 - src.models.enhanced_xgboost - INFO - Applied robust scaling to 45 features
2025-08-31 08:00:57,354 - src.models.enhanced_xgboost - INFO - Validation Performance Metrics:
2025-08-31 08:00:57,354 - src.models.enhanced_xgboost - INFO -   MAE: 369.26
2025-08-31 08:00:57,354 - src.models.enhanced_xgboost - INFO -   RMSE: 523.03
2025-08-31 08:00:57,354 - src.models.enhanced_xgboost - INFO -   R²: 0.9889
2025-08-31 08:00:57,355 - src.models.enhanced_xgboost - INFO -   MAPE: 1.54%
2025-08-31 08:00:58,255 - src.models.enhanced_xgboost - INFO - Training Performance Metrics:
2025-08-31 08:00:58,255 - src.models.enhanced_xgboost - INFO -   MAE: 112.42
2025-08-31 08:00:58,255 - src.models.enhanced_xgboost - INFO -   RMSE: 155.98
2025-08-31 08:00:58,255 - src.models.enhanced_xgboost - INFO -   R²: 0.9989
2025-08-31 08:00:58,255 - src.models.enhanced_xgboost - INFO -   MAPE: 0.49%
2025-08-31 08:00:58,256 - src.models.enhanced_xgboost - INFO - Model training completed successfully
2025-08-31 08:00:58,279 - __main__ - INFO - Zone SYSTEM: ✅ Enhanced model trained - MAPE: 1.54%
2025-08-31 08:00:58,279 - __main__ - INFO - Zone SYSTEM: ✅ Model training completed successfully
2025-08-31 08:00:58,279 - __main__ - INFO - Zone SYSTEM:    - Baseline MAPE: 0.42%
2025-08-31 08:00:58,279 - __main__ - INFO - Zone SYSTEM:    - Enhanced MAPE: 1.54%
2025-08-31 08:00:58,279 - __main__ - INFO - Zone SYSTEM:    - R²: 0.9889
2025-08-31 08:00:58,279 - __main__ - INFO - 🎉 All zone models trained successfully: 1 zones
2025-08-31 08:00:58,311 - __main__ - INFO - 🔧 Training zone-specific LightGBM models...
2025-08-31 08:00:58,311 - __main__ - INFO - 🎯 Training LightGBM model for zone: SYSTEM
2025-08-31 08:00:58,380 - __main__ - INFO - ⚡ Training LightGBM model
2025-08-31 08:00:58,380 - src.models.production_config - INFO - Applied zone-specific parameters for SYSTEM: {'max_depth': 5, 'learning_rate': 0.04, 'reg_alpha': 0.2, 'reg_lambda': 1.0, 'n_estimators': 1500}
2025-08-31 08:00:58,380 - src.models.production_config - INFO - Created extreme_temporal production model configuration for zone SYSTEM
2025-08-31 08:00:58,381 - src.models.enhanced_xgboost - INFO - Preparing training data
2025-08-31 08:00:58,382 - src.models.enhanced_xgboost - WARNING - Missing features: ['hour_squared', 'hour_cubed', 'hour_quartic', 'morning_peak', 'afternoon_peak', 'evening_peak', 'night_low', 'weekend_hour', 'weekday_hour', 'summer_indicator', 'winter_indicator', 'summer_hour', 'winter_hour', 'business_day', 'business_hour', 'hour_sin_2', 'hour_cos_2', 'hour_sin_cos', 'hour_sin_3', 'hour_cos_3', 'hour_sin_4', 'hour_cos_4', 'hour_sin_6', 'hour_cos_6', 'hour_sin_8', 'hour_cos_8', 'hour_sin_12', 'hour_cos_12', 'early_morning', 'morning_ramp', 'midday_peak', 'afternoon_peak', 'evening_decline', 'overnight_low', 'summer_afternoon', 'summer_evening', 'winter_morning', 'workday_morning', 'workday_afternoon', 'weekend_midday', 'ac_hour_14', 'ac_hour_15', 'ac_hour_16', 'ac_hour_17', 'temp_c', 'humidity', 'wind_speed_kmh', 'temp_c_squared', 'cooling_degree_days', 'heating_degree_days', 'temp_humidity_interaction', 'heat_index_approx', 'temp_forecast_6h', 'temp_forecast_12h', 'temp_forecast_24h', 'cooling_forecast_6h', 'heating_forecast_6h', 'temp_change_rate_6h', 'weather_volatility_6h', 'heat_wave_incoming', 'cold_snap_incoming']
2025-08-31 08:00:58,382 - src.models.enhanced_xgboost - INFO - Selected 13 features from 74 candidates
2025-08-31 08:00:58,424 - src.models.enhanced_xgboost - INFO - Training data prepared: 524824 samples, 13 features
2025-08-31 08:00:58,425 - __main__ - INFO - Using 13 extreme temporal features for LightGBM training
2025-08-31 08:00:58,525 - src.models.lightgbm_model - INFO - Starting LightGBM training...
2025-08-31 08:01:09,047 - src.models.lightgbm_model - INFO - LightGBM training completed successfully
2025-08-31 08:01:09,047 - __main__ - INFO - ✅ LightGBM model trained - MAPE: 0.2252%
2025-08-31 08:01:09,068 - src.models.lightgbm_model - INFO - LightGBM model saved to data/trained_models/lightgbm_model_20250831_080109.joblib
2025-08-31 08:01:09,068 - __main__ - INFO - LightGBM model saved to data/trained_models/lightgbm_model_20250831_080109.joblib
2025-08-31 08:01:09,093 - src.models.lightgbm_model - INFO - LightGBM model saved to data/trained_models/lightgbm_model_SYSTEM_20250831_080109.joblib
2025-08-31 08:01:09,093 - __main__ - INFO - ✅ LightGBM model for SYSTEM saved to data/trained_models/lightgbm_model_SYSTEM_20250831_080109.joblib
2025-08-31 08:01:09,093 - __main__ - INFO - ✅ Zone-specific LightGBM model training completed
2025-08-31 08:01:09,093 - __main__ - INFO - 🚀 Deploying models for zone SYSTEM
2025-08-31 08:01:09,112 - src.models.enhanced_xgboost - INFO - Model saved to data/production_models/SYSTEM/baseline_model_current.joblib
2025-08-31 08:01:09,134 - src.models.enhanced_xgboost - INFO - Model saved to data/model_backups/20250831_080109/SYSTEM/baseline_model.joblib
2025-08-31 08:01:09,134 - __main__ - INFO - ✅ Zone SYSTEM: Baseline model deployed: data/production_models/SYSTEM/baseline_model_current.joblib
2025-08-31 08:01:09,158 - src.models.enhanced_xgboost - INFO - Model saved to data/production_models/SYSTEM/enhanced_model_current.joblib
2025-08-31 08:01:09,181 - src.models.enhanced_xgboost - INFO - Model saved to data/model_backups/20250831_080109/SYSTEM/enhanced_model.joblib
2025-08-31 08:01:09,181 - __main__ - INFO - ✅ Zone SYSTEM: Enhanced model deployed: data/production_models/SYSTEM/enhanced_model_current.joblib
2025-08-31 08:01:09,183 - __main__ - INFO - ✅ Zone SYSTEM: Model deployment completed successfully
2025-08-31 08:01:09,244 - __main__ - INFO - 📊 Generating dashboard data
2025-08-31 08:01:09,245 - __main__ - INFO - Generating historical performance data...
2025-08-31 08:01:09,260 - __main__ - INFO - Generating enhanced model predictions for dashboard...
2025-08-31 08:01:09,276 - __main__ - INFO - ✅ Generated 311 historical data points
2025-08-31 08:01:09,277 - __main__ - INFO - Generating model performance metrics...
2025-08-31 08:01:09,280 - __main__ - INFO - ✅ Model metrics - MAPE: 0.39%, R²: 0.999, Accuracy: 100.0%
2025-08-31 08:01:09,280 - __main__ - INFO - ✅ Dashboard data generation completed
2025-08-31 08:01:09,282 - __main__ - INFO - 🧹 Cleaning up model backups older than 7 days
2025-08-31 08:01:09,285 - __main__ - INFO - ✅ No old backups to clean up
2025-08-31 08:01:09,285 - __main__ - INFO - ============================================================
2025-08-31 08:01:09,285 - __main__ - INFO - ✅ Automated ML Pipeline completed successfully!
2025-08-31 08:01:09,285 - __main__ - INFO -    Fresh models deployed for production use
2025-08-31 08:01:09,285 - __main__ - INFO -    Dashboard can now serve updated predictions
2025-08-31 14:01:00,801 - __main__ - INFO - 🤖 Starting Automated ML Pipeline
2025-08-31 14:01:00,802 - __main__ - INFO - ============================================================
2025-08-31 14:01:00,802 - __main__ - INFO - Continuous model updates for production deployment
2025-08-31 14:01:00,802 - __main__ - INFO - 🔄 Refreshing master dataset with incremental data
2025-08-31 14:01:11,388 - __main__ - INFO - ✅ Master dataset refreshed successfully
2025-08-31 14:01:11,391 - __main__ - INFO - 🎯 Training models for specified zones: ['SYSTEM']
2025-08-31 14:01:11,391 - __main__ - INFO - 🔧 Building unified features for training
2025-08-31 14:01:11,392 - src.features.unified_feature_pipeline - INFO - Building unified feature dataset
2025-08-31 14:01:11,392 - src.features.unified_feature_pipeline - INFO - Power data: data/master/caiso_california_clean.parquet
2025-08-31 14:01:11,392 - src.features.unified_feature_pipeline - INFO - Weather data: None
2025-08-31 14:01:11,393 - src.features.unified_feature_pipeline - INFO - Forecast data: data/forecasts
2025-08-31 14:01:11,393 - src.features.unified_feature_pipeline - INFO - Loading power data from data/master/caiso_california_clean.parquet
2025-08-31 14:01:13,615 - src.features.unified_feature_pipeline - INFO - Loaded power data: 524,824 records, 1 zones
2025-08-31 14:01:13,621 - src.features.unified_feature_pipeline - INFO - Date range: 2020-08-28 19:00:00+00:00 to 2025-08-30 19:30:00+00:00
2025-08-31 14:01:13,622 - src.features.unified_feature_pipeline - INFO - Loading forecast weather data from data/forecasts
2025-08-31 14:01:13,623 - src.features.unified_feature_pipeline - WARNING - No forecast data files found
2025-08-31 14:01:13,624 - src.features.unified_feature_pipeline - INFO - Merging power, weather, and forecast datasets
2025-08-31 14:01:13,915 - src.features.unified_feature_pipeline - INFO - Dataset merge completed: 524824 records, 6 columns
2025-08-31 14:01:13,915 - src.features.unified_feature_pipeline - INFO - Creating temporal features
2025-08-31 14:01:14,217 - src.features.unified_feature_pipeline - INFO - Created temporal features
2025-08-31 14:01:14,228 - src.features.unified_feature_pipeline - INFO - Creating power lag features for lags: [1, 24]
2025-08-31 14:01:14,886 - src.features.unified_feature_pipeline - INFO - Created 2 lag features
2025-08-31 14:01:14,927 - src.features.unified_feature_pipeline - INFO - Creating weather interaction features
2025-08-31 14:01:14,959 - src.features.unified_feature_pipeline - INFO - Created weather interaction features
2025-08-31 14:01:14,976 - src.features.unified_feature_pipeline - INFO - Unified feature dataset completed: 524824 records, 20 features
2025-08-31 14:01:14,991 - __main__ - INFO - 🔍 Validating training data quality
2025-08-31 14:01:15,016 - __main__ - INFO - ✅ Data freshness: 0 days old
2025-08-31 14:01:15,041 - __main__ - INFO - ✅ Load data range: 9925.4 - 51725.4 MW
2025-08-31 14:01:15,041 - __main__ - INFO - ✅ Training data validation passed
2025-08-31 14:01:15,042 - __main__ - INFO - 🤖 Training zone-specific models for 1 zones
2025-08-31 14:01:15,048 - __main__ - INFO - 🎯 Training models for zone: SYSTEM
2025-08-31 14:01:15,178 - __main__ - INFO - Zone SYSTEM: 524,824 total records
2025-08-31 14:01:15,178 - src.models.production_config - INFO - Preparing hybrid training data for SYSTEM
2025-08-31 14:01:15,406 - src.models.production_config - INFO - Applying data preprocessing for zone SYSTEM
2025-08-31 14:01:15,438 - src.models.production_config - INFO - Zone SYSTEM: Data preprocessing complete - removed 0.0% of data
2025-08-31 14:01:15,539 - src.models.production_config - INFO - Hybrid training data prepared:
2025-08-31 14:01:15,540 - src.models.production_config - INFO -   Total records: 206,967
2025-08-31 14:01:15,541 - src.models.production_config - INFO -   Date range: 2023-09-10 to 2025-08-30
2025-08-31 14:01:15,541 - src.models.production_config - INFO -   Months covered: 12/12
2025-08-31 14:01:15,542 - src.models.production_config - INFO -   Recent data (weighted 2.0x): 51,780 records
2025-08-31 14:01:15,543 - src.models.production_config - INFO -   Historical data (1x weight): 155,187 records
2025-08-31 14:01:15,575 - __main__ - INFO - Zone SYSTEM: Using hybrid training strategy: 206,967 records
2025-08-31 14:01:15,576 - __main__ - INFO - Zone SYSTEM: Creating extreme temporal features...
2025-08-31 14:01:15,836 - src.models.production_config - INFO - Created extreme temporal features: 39 new features
2025-08-31 14:01:15,844 - __main__ - INFO - Zone SYSTEM: Training baseline model...
2025-08-31 14:01:15,844 - src.models.production_config - INFO - Applied zone-specific parameters for SYSTEM: {'max_depth': 5, 'learning_rate': 0.04, 'reg_alpha': 0.2, 'reg_lambda': 1.0, 'n_estimators': 1500}
2025-08-31 14:01:15,844 - src.models.production_config - INFO - Created balanced production model configuration for zone SYSTEM
2025-08-31 14:01:15,845 - src.models.enhanced_xgboost - INFO - Preparing training data
2025-08-31 14:01:15,845 - src.models.enhanced_xgboost - INFO - Selected 13 features from 13 candidates
2025-08-31 14:01:15,878 - src.models.enhanced_xgboost - INFO - Training data prepared: 206967 samples, 13 features
2025-08-31 14:01:15,879 - src.models.enhanced_xgboost - INFO - Training enhanced XGBoost model
2025-08-31 14:01:15,890 - src.models.enhanced_xgboost - INFO - Applying weight 0.3 to 2 lag features
2025-08-31 14:01:16,047 - src.models.enhanced_xgboost - INFO - Applied robust scaling to 13 features
2025-08-31 14:01:28,284 - src.models.enhanced_xgboost - INFO - Validation Performance Metrics:
2025-08-31 14:01:28,284 - src.models.enhanced_xgboost - INFO -   MAE: 100.86
2025-08-31 14:01:28,284 - src.models.enhanced_xgboost - INFO -   RMSE: 150.97
2025-08-31 14:01:28,284 - src.models.enhanced_xgboost - INFO -   R²: 0.9991
2025-08-31 14:01:28,284 - src.models.enhanced_xgboost - INFO -   MAPE: 0.42%
2025-08-31 14:01:29,873 - src.models.enhanced_xgboost - INFO - Training Performance Metrics:
2025-08-31 14:01:29,873 - src.models.enhanced_xgboost - INFO -   MAE: 56.92
2025-08-31 14:01:29,873 - src.models.enhanced_xgboost - INFO -   RMSE: 88.93
2025-08-31 14:01:29,873 - src.models.enhanced_xgboost - INFO -   R²: 0.9996
2025-08-31 14:01:29,873 - src.models.enhanced_xgboost - INFO -   MAPE: 0.25%
2025-08-31 14:01:29,873 - src.models.enhanced_xgboost - INFO - Model training completed successfully
2025-08-31 14:01:29,893 - __main__ - INFO - Zone SYSTEM: ✅ Baseline model trained - MAPE: 0.42%
2025-08-31 14:01:29,893 - __main__ - INFO - Zone SYSTEM: Training enhanced model with improved configuration...
2025-08-31 14:01:29,893 - src.models.production_config - INFO - Applied zone-specific parameters for SYSTEM: {'max_depth': 5, 'learning_rate': 0.04, 'reg_alpha': 0.2, 'reg_lambda': 1.0, 'n_estimators': 1500}
2025-08-31 14:01:29,894 - src.models.production_config - INFO - Created extreme_temporal production model configuration for zone SYSTEM
2025-08-31 14:01:29,894 - src.models.enhanced_xgboost - INFO - Preparing training data
2025-08-31 14:01:29,895 - src.models.enhanced_xgboost - WARNING - Missing features: ['hour_squared', 'morning_peak', 'night_low', 'weekend_hour', 'weekday_hour', 'summer_indicator', 'winter_indicator', 'summer_hour', 'winter_hour', 'business_day', 'business_hour', 'hour_sin_cos', 'temp_c', 'humidity', 'wind_speed_kmh', 'temp_c_squared', 'cooling_degree_days', 'heating_degree_days', 'temp_humidity_interaction', 'heat_index_approx', 'temp_forecast_6h', 'temp_forecast_12h', 'temp_forecast_24h', 'cooling_forecast_6h', 'heating_forecast_6h', 'temp_change_rate_6h', 'weather_volatility_6h', 'heat_wave_incoming', 'cold_snap_incoming']
2025-08-31 14:01:29,895 - src.models.enhanced_xgboost - INFO - Selected 45 features from 74 candidates
2025-08-31 14:01:30,015 - src.models.enhanced_xgboost - INFO - Training data prepared: 206967 samples, 45 features
2025-08-31 14:01:30,015 - src.models.enhanced_xgboost - INFO - Training enhanced XGBoost model
2025-08-31 14:01:30,052 - src.models.enhanced_xgboost - INFO - Applying weight 0.001 to 2 lag features
2025-08-31 14:01:30,423 - src.models.enhanced_xgboost - INFO - Applied robust scaling to 45 features
2025-08-31 14:01:52,181 - src.models.enhanced_xgboost - INFO - Validation Performance Metrics:
2025-08-31 14:01:52,184 - src.models.enhanced_xgboost - INFO -   MAE: 369.26
2025-08-31 14:01:52,184 - src.models.enhanced_xgboost - INFO -   RMSE: 523.03
2025-08-31 14:01:52,184 - src.models.enhanced_xgboost - INFO -   R²: 0.9889
2025-08-31 14:01:52,184 - src.models.enhanced_xgboost - INFO -   MAPE: 1.54%
2025-08-31 14:01:53,592 - src.models.enhanced_xgboost - INFO - Training Performance Metrics:
2025-08-31 14:01:53,592 - src.models.enhanced_xgboost - INFO -   MAE: 112.42
2025-08-31 14:01:53,592 - src.models.enhanced_xgboost - INFO -   RMSE: 155.98
2025-08-31 14:01:53,592 - src.models.enhanced_xgboost - INFO -   R²: 0.9989
2025-08-31 14:01:53,592 - src.models.enhanced_xgboost - INFO -   MAPE: 0.49%
2025-08-31 14:01:53,592 - src.models.enhanced_xgboost - INFO - Model training completed successfully
2025-08-31 14:01:53,606 - __main__ - INFO - Zone SYSTEM: ✅ Enhanced model trained - MAPE: 1.54%
2025-08-31 14:01:53,607 - __main__ - INFO - Zone SYSTEM: ✅ Model training completed successfully
2025-08-31 14:01:53,607 - __main__ - INFO - Zone SYSTEM:    - Baseline MAPE: 0.42%
2025-08-31 14:01:53,607 - __main__ - INFO - Zone SYSTEM:    - Enhanced MAPE: 1.54%
2025-08-31 14:01:53,607 - __main__ - INFO - Zone SYSTEM:    - R²: 0.9889
2025-08-31 14:01:53,607 - __main__ - INFO - 🎉 All zone models trained successfully: 1 zones
2025-08-31 14:01:53,628 - __main__ - INFO - 🔧 Training zone-specific LightGBM models...
2025-08-31 14:01:53,628 - __main__ - INFO - 🎯 Training LightGBM model for zone: SYSTEM
2025-08-31 14:01:53,772 - __main__ - INFO - ⚡ Training LightGBM model
2025-08-31 14:01:53,772 - src.models.production_config - INFO - Applied zone-specific parameters for SYSTEM: {'max_depth': 5, 'learning_rate': 0.04, 'reg_alpha': 0.2, 'reg_lambda': 1.0, 'n_estimators': 1500}
2025-08-31 14:01:53,772 - src.models.production_config - INFO - Created extreme_temporal production model configuration for zone SYSTEM
2025-08-31 14:01:53,772 - src.models.enhanced_xgboost - INFO - Preparing training data
2025-08-31 14:01:53,777 - src.models.enhanced_xgboost - WARNING - Missing features: ['hour_squared', 'hour_cubed', 'hour_quartic', 'morning_peak', 'afternoon_peak', 'evening_peak', 'night_low', 'weekend_hour', 'weekday_hour', 'summer_indicator', 'winter_indicator', 'summer_hour', 'winter_hour', 'business_day', 'business_hour', 'hour_sin_2', 'hour_cos_2', 'hour_sin_cos', 'hour_sin_3', 'hour_cos_3', 'hour_sin_4', 'hour_cos_4', 'hour_sin_6', 'hour_cos_6', 'hour_sin_8', 'hour_cos_8', 'hour_sin_12', 'hour_cos_12', 'early_morning', 'morning_ramp', 'midday_peak', 'afternoon_peak', 'evening_decline', 'overnight_low', 'summer_afternoon', 'summer_evening', 'winter_morning', 'workday_morning', 'workday_afternoon', 'weekend_midday', 'ac_hour_14', 'ac_hour_15', 'ac_hour_16', 'ac_hour_17', 'temp_c', 'humidity', 'wind_speed_kmh', 'temp_c_squared', 'cooling_degree_days', 'heating_degree_days', 'temp_humidity_interaction', 'heat_index_approx', 'temp_forecast_6h', 'temp_forecast_12h', 'temp_forecast_24h', 'cooling_forecast_6h', 'heating_forecast_6h', 'temp_change_rate_6h', 'weather_volatility_6h', 'heat_wave_incoming', 'cold_snap_incoming']
2025-08-31 14:01:53,777 - src.models.enhanced_xgboost - INFO - Selected 13 features from 74 candidates
2025-08-31 14:01:53,835 - src.models.enhanced_xgboost - INFO - Training data prepared: 524824 samples, 13 features
2025-08-31 14:01:53,835 - __main__ - INFO - Using 13 extreme temporal features for LightGBM training
2025-08-31 14:01:53,968 - src.models.lightgbm_model - INFO - Starting LightGBM training...
2025-08-31 14:02:11,977 - src.models.lightgbm_model - INFO - LightGBM training completed successfully
2025-08-31 14:02:11,981 - __main__ - INFO - ✅ LightGBM model trained - MAPE: 0.2252%
2025-08-31 14:02:12,025 - src.models.lightgbm_model - INFO - LightGBM model saved to data/trained_models/lightgbm_model_20250831_140211.joblib
2025-08-31 14:02:12,026 - __main__ - INFO - LightGBM model saved to data/trained_models/lightgbm_model_20250831_140211.joblib
2025-08-31 14:02:12,088 - src.models.lightgbm_model - INFO - LightGBM model saved to data/trained_models/lightgbm_model_SYSTEM_20250831_140212.joblib
2025-08-31 14:02:12,088 - __main__ - INFO - ✅ LightGBM model for SYSTEM saved to data/trained_models/lightgbm_model_SYSTEM_20250831_140212.joblib
2025-08-31 14:02:12,088 - __main__ - INFO - ✅ Zone-specific LightGBM model training completed
2025-08-31 14:02:12,088 - __main__ - INFO - 🚀 Deploying models for zone SYSTEM
2025-08-31 14:02:12,140 - src.models.enhanced_xgboost - INFO - Model saved to data/production_models/SYSTEM/baseline_model_current.joblib
2025-08-31 14:02:12,173 - src.models.enhanced_xgboost - INFO - Model saved to data/model_backups/20250831_140212/SYSTEM/baseline_model.joblib
2025-08-31 14:02:12,173 - __main__ - INFO - ✅ Zone SYSTEM: Baseline model deployed: data/production_models/SYSTEM/baseline_model_current.joblib
2025-08-31 14:02:12,210 - src.models.enhanced_xgboost - INFO - Model saved to data/production_models/SYSTEM/enhanced_model_current.joblib
2025-08-31 14:02:12,243 - src.models.enhanced_xgboost - INFO - Model saved to data/model_backups/20250831_140212/SYSTEM/enhanced_model.joblib
2025-08-31 14:02:12,243 - __main__ - INFO - ✅ Zone SYSTEM: Enhanced model deployed: data/production_models/SYSTEM/enhanced_model_current.joblib
2025-08-31 14:02:12,245 - __main__ - INFO - ✅ Zone SYSTEM: Model deployment completed successfully
2025-08-31 14:02:12,324 - __main__ - INFO - 📊 Generating dashboard data
2025-08-31 14:02:12,325 - __main__ - INFO - Generating historical performance data...
2025-08-31 14:02:12,363 - __main__ - INFO - Generating enhanced model predictions for dashboard...
2025-08-31 14:02:12,404 - __main__ - INFO - ✅ Generated 359 historical data points
2025-08-31 14:02:12,405 - __main__ - INFO - Generating model performance metrics...
2025-08-31 14:02:12,407 - __main__ - INFO - ✅ Model metrics - MAPE: 0.38%, R²: 0.999, Accuracy: 100.0%
2025-08-31 14:02:12,408 - __main__ - INFO - ✅ Dashboard data generation completed
2025-08-31 14:02:12,408 - __main__ - INFO - 🧹 Cleaning up model backups older than 7 days
2025-08-31 14:02:12,413 - __main__ - INFO - ✅ No old backups to clean up
2025-08-31 14:02:12,413 - __main__ - INFO - ============================================================
2025-08-31 14:02:12,413 - __main__ - INFO - ✅ Automated ML Pipeline completed successfully!
2025-08-31 14:02:12,413 - __main__ - INFO -    Fresh models deployed for production use
2025-08-31 14:02:12,413 - __main__ - INFO -    Dashboard can now serve updated predictions
2025-08-31 20:00:11,913 - __main__ - INFO - 🤖 Starting Automated ML Pipeline
2025-08-31 20:00:11,914 - __main__ - INFO - ============================================================
2025-08-31 20:00:11,914 - __main__ - INFO - Continuous model updates for production deployment
2025-08-31 20:00:11,914 - __main__ - INFO - 🔄 Refreshing master dataset with incremental data
2025-08-31 20:00:25,880 - __main__ - INFO - ✅ Master dataset refreshed successfully
2025-08-31 20:00:25,884 - __main__ - INFO - 🎯 Training models for specified zones: ['SYSTEM']
2025-08-31 20:00:25,884 - __main__ - INFO - 🔧 Building unified features for training
2025-08-31 20:00:25,885 - src.features.unified_feature_pipeline - INFO - Building unified feature dataset
2025-08-31 20:00:25,886 - src.features.unified_feature_pipeline - INFO - Power data: data/master/caiso_california_clean.parquet
2025-08-31 20:00:25,886 - src.features.unified_feature_pipeline - INFO - Weather data: None
2025-08-31 20:00:25,886 - src.features.unified_feature_pipeline - INFO - Forecast data: data/forecasts
2025-08-31 20:00:25,886 - src.features.unified_feature_pipeline - INFO - Loading power data from data/master/caiso_california_clean.parquet
2025-08-31 20:00:28,932 - src.features.unified_feature_pipeline - INFO - Loaded power data: 524,824 records, 1 zones
2025-08-31 20:00:28,939 - src.features.unified_feature_pipeline - INFO - Date range: 2020-08-28 19:00:00+00:00 to 2025-08-30 19:30:00+00:00
2025-08-31 20:00:28,941 - src.features.unified_feature_pipeline - INFO - Loading forecast weather data from data/forecasts
2025-08-31 20:00:28,943 - src.features.unified_feature_pipeline - WARNING - No forecast data files found
2025-08-31 20:00:28,944 - src.features.unified_feature_pipeline - INFO - Merging power, weather, and forecast datasets
2025-08-31 20:00:29,350 - src.features.unified_feature_pipeline - INFO - Dataset merge completed: 524824 records, 6 columns
2025-08-31 20:00:29,350 - src.features.unified_feature_pipeline - INFO - Creating temporal features
2025-08-31 20:00:29,823 - src.features.unified_feature_pipeline - INFO - Created temporal features
2025-08-31 20:00:29,846 - src.features.unified_feature_pipeline - INFO - Creating power lag features for lags: [1, 24]
2025-08-31 20:00:30,735 - src.features.unified_feature_pipeline - INFO - Created 2 lag features
2025-08-31 20:00:30,793 - src.features.unified_feature_pipeline - INFO - Creating weather interaction features
2025-08-31 20:00:30,837 - src.features.unified_feature_pipeline - INFO - Created weather interaction features
2025-08-31 20:00:30,863 - src.features.unified_feature_pipeline - INFO - Unified feature dataset completed: 524824 records, 20 features
2025-08-31 20:00:30,884 - __main__ - INFO - 🔍 Validating training data quality
2025-08-31 20:00:30,912 - __main__ - INFO - ✅ Data freshness: 1 days old
2025-08-31 20:00:30,952 - __main__ - INFO - ✅ Load data range: 9925.4 - 51725.4 MW
2025-08-31 20:00:30,952 - __main__ - INFO - ✅ Training data validation passed
2025-08-31 20:00:30,953 - __main__ - INFO - 🤖 Training zone-specific models for 1 zones
2025-08-31 20:00:30,961 - __main__ - INFO - 🎯 Training models for zone: SYSTEM
2025-08-31 20:00:31,152 - __main__ - INFO - Zone SYSTEM: 524,824 total records
2025-08-31 20:00:31,152 - src.models.production_config - INFO - Preparing hybrid training data for SYSTEM
2025-08-31 20:00:31,474 - src.models.production_config - INFO - Applying data preprocessing for zone SYSTEM
2025-08-31 20:00:31,515 - src.models.production_config - INFO - Zone SYSTEM: Data preprocessing complete - removed 0.0% of data
2025-08-31 20:00:31,657 - src.models.production_config - INFO - Hybrid training data prepared:
2025-08-31 20:00:31,657 - src.models.production_config - INFO -   Total records: 206,967
2025-08-31 20:00:31,659 - src.models.production_config - INFO -   Date range: 2023-09-10 to 2025-08-30
2025-08-31 20:00:31,659 - src.models.production_config - INFO -   Months covered: 12/12
2025-08-31 20:00:31,660 - src.models.production_config - INFO -   Recent data (weighted 2.0x): 51,780 records
2025-08-31 20:00:31,660 - src.models.production_config - INFO -   Historical data (1x weight): 155,187 records
2025-08-31 20:00:31,711 - __main__ - INFO - Zone SYSTEM: Using hybrid training strategy: 206,967 records
2025-08-31 20:00:31,712 - __main__ - INFO - Zone SYSTEM: Creating extreme temporal features...
2025-08-31 20:00:32,112 - src.models.production_config - INFO - Created extreme temporal features: 39 new features
2025-08-31 20:00:32,126 - __main__ - INFO - Zone SYSTEM: Training baseline model...
2025-08-31 20:00:32,126 - src.models.production_config - INFO - Applied zone-specific parameters for SYSTEM: {'max_depth': 5, 'learning_rate': 0.04, 'reg_alpha': 0.2, 'reg_lambda': 1.0, 'n_estimators': 1500}
2025-08-31 20:00:32,126 - src.models.production_config - INFO - Created balanced production model configuration for zone SYSTEM
2025-08-31 20:00:32,126 - src.models.enhanced_xgboost - INFO - Preparing training data
2025-08-31 20:00:32,127 - src.models.enhanced_xgboost - INFO - Selected 13 features from 13 candidates
2025-08-31 20:00:32,173 - src.models.enhanced_xgboost - INFO - Training data prepared: 206967 samples, 13 features
2025-08-31 20:00:32,174 - src.models.enhanced_xgboost - INFO - Training enhanced XGBoost model
2025-08-31 20:00:32,189 - src.models.enhanced_xgboost - INFO - Applying weight 0.3 to 2 lag features
2025-08-31 20:00:32,394 - src.models.enhanced_xgboost - INFO - Applied robust scaling to 13 features
2025-08-31 20:00:51,777 - src.models.enhanced_xgboost - INFO - Validation Performance Metrics:
2025-08-31 20:00:51,777 - src.models.enhanced_xgboost - INFO -   MAE: 100.86
2025-08-31 20:00:51,777 - src.models.enhanced_xgboost - INFO -   RMSE: 150.97
2025-08-31 20:00:51,777 - src.models.enhanced_xgboost - INFO -   R²: 0.9991
2025-08-31 20:00:51,777 - src.models.enhanced_xgboost - INFO -   MAPE: 0.42%
2025-08-31 20:00:56,335 - src.models.enhanced_xgboost - INFO - Training Performance Metrics:
2025-08-31 20:00:56,336 - src.models.enhanced_xgboost - INFO -   MAE: 56.92
2025-08-31 20:00:56,336 - src.models.enhanced_xgboost - INFO -   RMSE: 88.93
2025-08-31 20:00:56,336 - src.models.enhanced_xgboost - INFO -   R²: 0.9996
2025-08-31 20:00:56,336 - src.models.enhanced_xgboost - INFO -   MAPE: 0.25%
2025-08-31 20:00:56,336 - src.models.enhanced_xgboost - INFO - Model training completed successfully
2025-08-31 20:00:56,374 - __main__ - INFO - Zone SYSTEM: ✅ Baseline model trained - MAPE: 0.42%
2025-08-31 20:00:56,375 - __main__ - INFO - Zone SYSTEM: Training enhanced model with improved configuration...
2025-08-31 20:00:56,375 - src.models.production_config - INFO - Applied zone-specific parameters for SYSTEM: {'max_depth': 5, 'learning_rate': 0.04, 'reg_alpha': 0.2, 'reg_lambda': 1.0, 'n_estimators': 1500}
2025-08-31 20:00:56,375 - src.models.production_config - INFO - Created extreme_temporal production model configuration for zone SYSTEM
2025-08-31 20:00:56,375 - src.models.enhanced_xgboost - INFO - Preparing training data
2025-08-31 20:00:56,376 - src.models.enhanced_xgboost - WARNING - Missing features: ['hour_squared', 'morning_peak', 'night_low', 'weekend_hour', 'weekday_hour', 'summer_indicator', 'winter_indicator', 'summer_hour', 'winter_hour', 'business_day', 'business_hour', 'hour_sin_cos', 'temp_c', 'humidity', 'wind_speed_kmh', 'temp_c_squared', 'cooling_degree_days', 'heating_degree_days', 'temp_humidity_interaction', 'heat_index_approx', 'temp_forecast_6h', 'temp_forecast_12h', 'temp_forecast_24h', 'cooling_forecast_6h', 'heating_forecast_6h', 'temp_change_rate_6h', 'weather_volatility_6h', 'heat_wave_incoming', 'cold_snap_incoming']
2025-08-31 20:00:56,376 - src.models.enhanced_xgboost - INFO - Selected 45 features from 74 candidates
2025-08-31 20:00:56,565 - src.models.enhanced_xgboost - INFO - Training data prepared: 206967 samples, 45 features
2025-08-31 20:00:56,566 - src.models.enhanced_xgboost - INFO - Training enhanced XGBoost model
2025-08-31 20:00:56,643 - src.models.enhanced_xgboost - INFO - Applying weight 0.001 to 2 lag features
2025-08-31 20:00:57,360 - src.models.enhanced_xgboost - INFO - Applied robust scaling to 45 features
2025-08-31 20:01:34,794 - src.models.enhanced_xgboost - INFO - Validation Performance Metrics:
2025-08-31 20:01:34,794 - src.models.enhanced_xgboost - INFO -   MAE: 369.26
2025-08-31 20:01:34,795 - src.models.enhanced_xgboost - INFO -   RMSE: 523.03
2025-08-31 20:01:34,795 - src.models.enhanced_xgboost - INFO -   R²: 0.9889
2025-08-31 20:01:34,795 - src.models.enhanced_xgboost - INFO -   MAPE: 1.54%
2025-08-31 20:01:37,900 - src.models.enhanced_xgboost - INFO - Training Performance Metrics:
2025-08-31 20:01:37,901 - src.models.enhanced_xgboost - INFO -   MAE: 112.42
2025-08-31 20:01:37,901 - src.models.enhanced_xgboost - INFO -   RMSE: 155.98
2025-08-31 20:01:37,901 - src.models.enhanced_xgboost - INFO -   R²: 0.9989
2025-08-31 20:01:37,901 - src.models.enhanced_xgboost - INFO -   MAPE: 0.49%
2025-08-31 20:01:37,901 - src.models.enhanced_xgboost - INFO - Model training completed successfully
2025-08-31 20:01:37,927 - __main__ - INFO - Zone SYSTEM: ✅ Enhanced model trained - MAPE: 1.54%
2025-08-31 20:01:37,927 - __main__ - INFO - Zone SYSTEM: ✅ Model training completed successfully
2025-08-31 20:01:37,927 - __main__ - INFO - Zone SYSTEM:    - Baseline MAPE: 0.42%
2025-08-31 20:01:37,927 - __main__ - INFO - Zone SYSTEM:    - Enhanced MAPE: 1.54%
2025-08-31 20:01:37,928 - __main__ - INFO - Zone SYSTEM:    - R²: 0.9889
2025-08-31 20:01:37,928 - __main__ - INFO - 🎉 All zone models trained successfully: 1 zones
2025-08-31 20:01:37,968 - __main__ - INFO - 🔧 Training zone-specific LightGBM models...
2025-08-31 20:01:37,968 - __main__ - INFO - 🎯 Training LightGBM model for zone: SYSTEM
2025-08-31 20:01:38,140 - __main__ - INFO - ⚡ Training LightGBM model
2025-08-31 20:01:38,141 - src.models.production_config - INFO - Applied zone-specific parameters for SYSTEM: {'max_depth': 5, 'learning_rate': 0.04, 'reg_alpha': 0.2, 'reg_lambda': 1.0, 'n_estimators': 1500}
2025-08-31 20:01:38,141 - src.models.production_config - INFO - Created extreme_temporal production model configuration for zone SYSTEM
2025-08-31 20:01:38,141 - src.models.enhanced_xgboost - INFO - Preparing training data
2025-08-31 20:01:38,143 - src.models.enhanced_xgboost - WARNING - Missing features: ['hour_squared', 'hour_cubed', 'hour_quartic', 'morning_peak', 'afternoon_peak', 'evening_peak', 'night_low', 'weekend_hour', 'weekday_hour', 'summer_indicator', 'winter_indicator', 'summer_hour', 'winter_hour', 'business_day', 'business_hour', 'hour_sin_2', 'hour_cos_2', 'hour_sin_cos', 'hour_sin_3', 'hour_cos_3', 'hour_sin_4', 'hour_cos_4', 'hour_sin_6', 'hour_cos_6', 'hour_sin_8', 'hour_cos_8', 'hour_sin_12', 'hour_cos_12', 'early_morning', 'morning_ramp', 'midday_peak', 'afternoon_peak', 'evening_decline', 'overnight_low', 'summer_afternoon', 'summer_evening', 'winter_morning', 'workday_morning', 'workday_afternoon', 'weekend_midday', 'ac_hour_14', 'ac_hour_15', 'ac_hour_16', 'ac_hour_17', 'temp_c', 'humidity', 'wind_speed_kmh', 'temp_c_squared', 'cooling_degree_days', 'heating_degree_days', 'temp_humidity_interaction', 'heat_index_approx', 'temp_forecast_6h', 'temp_forecast_12h', 'temp_forecast_24h', 'cooling_forecast_6h', 'heating_forecast_6h', 'temp_change_rate_6h', 'weather_volatility_6h', 'heat_wave_incoming', 'cold_snap_incoming']
2025-08-31 20:01:38,143 - src.models.enhanced_xgboost - INFO - Selected 13 features from 74 candidates
2025-08-31 20:01:38,211 - src.models.enhanced_xgboost - INFO - Training data prepared: 524824 samples, 13 features
2025-08-31 20:01:38,212 - __main__ - INFO - Using 13 extreme temporal features for LightGBM training
2025-08-31 20:01:38,384 - src.models.lightgbm_model - INFO - Starting LightGBM training...
2025-08-31 20:02:17,997 - src.models.lightgbm_model - INFO - LightGBM training completed successfully
2025-08-31 20:02:18,006 - __main__ - INFO - ✅ LightGBM model trained - MAPE: 0.2252%
2025-08-31 20:02:18,150 - src.models.lightgbm_model - INFO - LightGBM model saved to data/trained_models/lightgbm_model_20250831_200218.joblib
2025-08-31 20:02:18,151 - __main__ - INFO - LightGBM model saved to data/trained_models/lightgbm_model_20250831_200218.joblib
2025-08-31 20:02:18,321 - src.models.lightgbm_model - INFO - LightGBM model saved to data/trained_models/lightgbm_model_SYSTEM_20250831_200218.joblib
2025-08-31 20:02:18,323 - __main__ - INFO - ✅ LightGBM model for SYSTEM saved to data/trained_models/lightgbm_model_SYSTEM_20250831_200218.joblib
2025-08-31 20:02:18,323 - __main__ - INFO - ✅ Zone-specific LightGBM model training completed
2025-08-31 20:02:18,323 - __main__ - INFO - 🚀 Deploying models for zone SYSTEM
2025-08-31 20:02:18,399 - src.models.enhanced_xgboost - INFO - Model saved to data/production_models/SYSTEM/baseline_model_current.joblib
2025-08-31 20:02:18,451 - src.models.enhanced_xgboost - INFO - Model saved to data/model_backups/20250831_200218/SYSTEM/baseline_model.joblib
2025-08-31 20:02:18,451 - __main__ - INFO - ✅ Zone SYSTEM: Baseline model deployed: data/production_models/SYSTEM/baseline_model_current.joblib
2025-08-31 20:02:18,521 - src.models.enhanced_xgboost - INFO - Model saved to data/production_models/SYSTEM/enhanced_model_current.joblib
2025-08-31 20:02:18,604 - src.models.enhanced_xgboost - INFO - Model saved to data/model_backups/20250831_200218/SYSTEM/enhanced_model.joblib
2025-08-31 20:02:18,605 - __main__ - INFO - ✅ Zone SYSTEM: Enhanced model deployed: data/production_models/SYSTEM/enhanced_model_current.joblib
2025-08-31 20:02:18,611 - __main__ - INFO - ✅ Zone SYSTEM: Model deployment completed successfully
2025-08-31 20:02:18,931 - __main__ - INFO - 📊 Generating dashboard data
2025-08-31 20:02:18,935 - __main__ - INFO - Generating historical performance data...
2025-08-31 20:02:18,980 - __main__ - INFO - Generating enhanced model predictions for dashboard...
2025-08-31 20:02:19,056 - __main__ - INFO - ✅ Generated 344 historical data points
2025-08-31 20:02:19,057 - __main__ - INFO - Generating model performance metrics...
2025-08-31 20:02:19,060 - __main__ - INFO - ✅ Model metrics - MAPE: 0.40%, R²: 0.999, Accuracy: 100.0%
2025-08-31 20:02:19,060 - __main__ - INFO - ✅ Dashboard data generation completed
2025-08-31 20:02:19,061 - __main__ - INFO - 🧹 Cleaning up model backups older than 7 days
2025-08-31 20:02:19,076 - __main__ - INFO - ✅ No old backups to clean up
2025-08-31 20:02:19,076 - __main__ - INFO - ============================================================
2025-08-31 20:02:19,076 - __main__ - INFO - ✅ Automated ML Pipeline completed successfully!
2025-08-31 20:02:19,076 - __main__ - INFO -    Fresh models deployed for production use
2025-08-31 20:02:19,077 - __main__ - INFO -    Dashboard can now serve updated predictions
