2025-09-02 00:24:34,551 - WARNING - Found temporal gaps in 7 zones
2025-09-02 00:24:34,552 - WARNING -   SYSTEM: 263 gaps, largest: 0 days 02:35:00
2025-09-02 00:24:34,552 - WARNING -   NP15: 263 gaps, largest: 0 days 02:35:00
2025-09-02 00:24:34,552 - WARNING -   SCE: 263 gaps, largest: 0 days 02:35:00
2025-09-02 00:24:34,552 - WARNING -   SMUD: 263 gaps, largest: 0 days 02:35:00
2025-09-02 00:24:34,552 - WARNING -   PGE_VALLEY: 236 gaps, largest: 0 days 02:35:00
2025-09-02 00:24:34,552 - WARNING -   SP15: 234 gaps, largest: 0 days 02:35:00
2025-09-02 00:24:34,552 - WARNING -   SDGE: 263 gaps, largest: 0 days 02:35:00
2025-09-02 00:55:26,297 - WARNING - Found temporal gaps in 7 zones
2025-09-02 00:55:26,299 - WARNING -   SYSTEM: 263 gaps, largest: 0 days 02:35:00
2025-09-02 00:55:26,299 - WARNING -   NP15: 263 gaps, largest: 0 days 02:35:00
2025-09-02 00:55:26,299 - WARNING -   SCE: 263 gaps, largest: 0 days 02:35:00
2025-09-02 00:55:26,299 - WARNING -   SMUD: 263 gaps, largest: 0 days 02:35:00
2025-09-02 00:55:26,299 - WARNING -   PGE_VALLEY: 236 gaps, largest: 0 days 02:35:00
2025-09-02 00:55:26,299 - WARNING -   SP15: 234 gaps, largest: 0 days 02:35:00
2025-09-02 00:55:26,299 - WARNING -   SDGE: 263 gaps, largest: 0 days 02:35:00
2025-09-02 01:26:16,864 - WARNING - Found temporal gaps in 7 zones
2025-09-02 01:26:16,866 - WARNING -   SYSTEM: 263 gaps, largest: 0 days 02:35:00
2025-09-02 01:26:16,866 - WARNING -   NP15: 263 gaps, largest: 0 days 02:35:00
2025-09-02 01:26:16,866 - WARNING -   SCE: 263 gaps, largest: 0 days 02:35:00
2025-09-02 01:26:16,866 - WARNING -   SMUD: 263 gaps, largest: 0 days 02:35:00
2025-09-02 01:26:16,866 - WARNING -   PGE_VALLEY: 236 gaps, largest: 0 days 02:35:00
2025-09-02 01:26:16,866 - WARNING -   SP15: 234 gaps, largest: 0 days 02:35:00
2025-09-02 01:26:16,866 - WARNING -   SDGE: 263 gaps, largest: 0 days 02:35:00
2025-09-02 01:57:04,396 - WARNING - Found temporal gaps in 7 zones
2025-09-02 01:57:04,398 - WARNING -   SYSTEM: 263 gaps, largest: 0 days 02:35:00
2025-09-02 01:57:04,398 - WARNING -   NP15: 263 gaps, largest: 0 days 02:35:00
2025-09-02 01:57:04,399 - WARNING -   SCE: 263 gaps, largest: 0 days 02:35:00
2025-09-02 01:57:04,399 - WARNING -   SMUD: 263 gaps, largest: 0 days 02:35:00
2025-09-02 01:57:04,399 - WARNING -   PGE_VALLEY: 236 gaps, largest: 0 days 02:35:00
2025-09-02 01:57:04,399 - WARNING -   SP15: 234 gaps, largest: 0 days 02:35:00
2025-09-02 01:57:04,399 - WARNING -   SDGE: 263 gaps, largest: 0 days 02:35:00
2025-09-02 02:27:54,599 - WARNING - Found temporal gaps in 7 zones
2025-09-02 02:27:54,601 - WARNING -   SYSTEM: 263 gaps, largest: 0 days 02:35:00
2025-09-02 02:27:54,601 - WARNING -   NP15: 263 gaps, largest: 0 days 02:35:00
2025-09-02 02:27:54,601 - WARNING -   SCE: 263 gaps, largest: 0 days 02:35:00
2025-09-02 02:27:54,601 - WARNING -   SMUD: 263 gaps, largest: 0 days 02:35:00
2025-09-02 02:27:54,601 - WARNING -   PGE_VALLEY: 236 gaps, largest: 0 days 02:35:00
2025-09-02 02:27:54,601 - WARNING -   SP15: 234 gaps, largest: 0 days 02:35:00
2025-09-02 02:27:54,601 - WARNING -   SDGE: 263 gaps, largest: 0 days 02:35:00
2025-09-02 02:58:46,244 - WARNING - Found temporal gaps in 7 zones
2025-09-02 02:58:46,245 - WARNING -   SYSTEM: 263 gaps, largest: 0 days 02:35:00
2025-09-02 02:58:46,245 - WARNING -   NP15: 263 gaps, largest: 0 days 02:35:00
2025-09-02 02:58:46,245 - WARNING -   SCE: 263 gaps, largest: 0 days 02:35:00
2025-09-02 02:58:46,245 - WARNING -   SMUD: 263 gaps, largest: 0 days 02:35:00
2025-09-02 02:58:46,245 - WARNING -   PGE_VALLEY: 236 gaps, largest: 0 days 02:35:00
2025-09-02 02:58:46,245 - WARNING -   SP15: 234 gaps, largest: 0 days 02:35:00
2025-09-02 02:58:46,246 - WARNING -   SDGE: 263 gaps, largest: 0 days 02:35:00
2025-09-02 03:29:38,920 - WARNING - Found temporal gaps in 7 zones
2025-09-02 03:29:38,921 - WARNING -   SYSTEM: 263 gaps, largest: 0 days 02:35:00
2025-09-02 03:29:38,921 - WARNING -   NP15: 263 gaps, largest: 0 days 02:35:00
2025-09-02 03:29:38,922 - WARNING -   SCE: 263 gaps, largest: 0 days 02:35:00
2025-09-02 03:29:38,922 - WARNING -   SMUD: 263 gaps, largest: 0 days 02:35:00
2025-09-02 03:29:38,922 - WARNING -   PGE_VALLEY: 236 gaps, largest: 0 days 02:35:00
2025-09-02 03:29:38,922 - WARNING -   SP15: 234 gaps, largest: 0 days 02:35:00
2025-09-02 03:29:38,922 - WARNING -   SDGE: 263 gaps, largest: 0 days 02:35:00
2025-09-02 04:00:29,336 - WARNING - Found temporal gaps in 7 zones
2025-09-02 04:00:29,337 - WARNING -   SYSTEM: 263 gaps, largest: 0 days 02:35:00
2025-09-02 04:00:29,337 - WARNING -   NP15: 263 gaps, largest: 0 days 02:35:00
2025-09-02 04:00:29,337 - WARNING -   SCE: 263 gaps, largest: 0 days 02:35:00
2025-09-02 04:00:29,337 - WARNING -   SMUD: 263 gaps, largest: 0 days 02:35:00
2025-09-02 04:00:29,337 - WARNING -   PGE_VALLEY: 236 gaps, largest: 0 days 02:35:00
2025-09-02 04:00:29,338 - WARNING -   SP15: 234 gaps, largest: 0 days 02:35:00
2025-09-02 04:00:29,338 - WARNING -   SDGE: 263 gaps, largest: 0 days 02:35:00
2025-09-02 04:31:20,799 - WARNING - Found temporal gaps in 7 zones
2025-09-02 04:31:20,801 - WARNING -   SYSTEM: 263 gaps, largest: 0 days 02:35:00
2025-09-02 04:31:20,801 - WARNING -   NP15: 263 gaps, largest: 0 days 02:35:00
2025-09-02 04:31:20,801 - WARNING -   SCE: 263 gaps, largest: 0 days 02:35:00
2025-09-02 04:31:20,801 - WARNING -   SMUD: 263 gaps, largest: 0 days 02:35:00
2025-09-02 04:31:20,801 - WARNING -   PGE_VALLEY: 236 gaps, largest: 0 days 02:35:00
2025-09-02 04:31:20,801 - WARNING -   SP15: 234 gaps, largest: 0 days 02:35:00
2025-09-02 04:31:20,801 - WARNING -   SDGE: 263 gaps, largest: 0 days 02:35:00
2025-09-02 05:02:11,361 - WARNING - Found temporal gaps in 7 zones
2025-09-02 05:02:11,363 - WARNING -   SYSTEM: 263 gaps, largest: 0 days 02:35:00
2025-09-02 05:02:11,363 - WARNING -   NP15: 263 gaps, largest: 0 days 02:35:00
2025-09-02 05:02:11,363 - WARNING -   SCE: 263 gaps, largest: 0 days 02:35:00
2025-09-02 05:02:11,363 - WARNING -   SMUD: 263 gaps, largest: 0 days 02:35:00
2025-09-02 05:02:11,363 - WARNING -   PGE_VALLEY: 236 gaps, largest: 0 days 02:35:00
2025-09-02 05:02:11,363 - WARNING -   SP15: 234 gaps, largest: 0 days 02:35:00
2025-09-02 05:02:11,363 - WARNING -   SDGE: 263 gaps, largest: 0 days 02:35:00
2025-09-02 05:33:02,449 - WARNING - Found temporal gaps in 7 zones
2025-09-02 05:33:02,451 - WARNING -   SYSTEM: 263 gaps, largest: 0 days 02:35:00
2025-09-02 05:33:02,451 - WARNING -   NP15: 263 gaps, largest: 0 days 02:35:00
2025-09-02 05:33:02,451 - WARNING -   SCE: 263 gaps, largest: 0 days 02:35:00
2025-09-02 05:33:02,451 - WARNING -   SMUD: 263 gaps, largest: 0 days 02:35:00
2025-09-02 05:33:02,451 - WARNING -   PGE_VALLEY: 236 gaps, largest: 0 days 02:35:00
2025-09-02 05:33:02,451 - WARNING -   SP15: 234 gaps, largest: 0 days 02:35:00
2025-09-02 05:33:02,451 - WARNING -   SDGE: 263 gaps, largest: 0 days 02:35:00
2025-09-02 06:03:52,931 - WARNING - Found temporal gaps in 7 zones
2025-09-02 06:03:52,933 - WARNING -   SYSTEM: 263 gaps, largest: 0 days 02:35:00
2025-09-02 06:03:52,933 - WARNING -   NP15: 263 gaps, largest: 0 days 02:35:00
2025-09-02 06:03:52,933 - WARNING -   SCE: 263 gaps, largest: 0 days 02:35:00
2025-09-02 06:03:52,933 - WARNING -   SMUD: 263 gaps, largest: 0 days 02:35:00
2025-09-02 06:03:52,933 - WARNING -   PGE_VALLEY: 236 gaps, largest: 0 days 02:35:00
2025-09-02 06:03:52,933 - WARNING -   SP15: 234 gaps, largest: 0 days 02:35:00
2025-09-02 06:03:52,933 - WARNING -   SDGE: 263 gaps, largest: 0 days 02:35:00
2025-09-02 06:34:44,956 - WARNING - Found temporal gaps in 7 zones
2025-09-02 06:34:44,958 - WARNING -   SYSTEM: 263 gaps, largest: 0 days 02:35:00
2025-09-02 06:34:44,958 - WARNING -   NP15: 263 gaps, largest: 0 days 02:35:00
2025-09-02 06:34:44,958 - WARNING -   SCE: 263 gaps, largest: 0 days 02:35:00
2025-09-02 06:34:44,958 - WARNING -   SMUD: 263 gaps, largest: 0 days 02:35:00
2025-09-02 06:34:44,958 - WARNING -   PGE_VALLEY: 236 gaps, largest: 0 days 02:35:00
2025-09-02 06:34:44,958 - WARNING -   SP15: 234 gaps, largest: 0 days 02:35:00
2025-09-02 06:34:44,958 - WARNING -   SDGE: 263 gaps, largest: 0 days 02:35:00
2025-09-02 07:05:36,405 - WARNING - Found temporal gaps in 7 zones
2025-09-02 07:05:36,407 - WARNING -   SYSTEM: 263 gaps, largest: 0 days 02:35:00
2025-09-02 07:05:36,407 - WARNING -   NP15: 263 gaps, largest: 0 days 02:35:00
2025-09-02 07:05:36,407 - WARNING -   SCE: 263 gaps, largest: 0 days 02:35:00
2025-09-02 07:05:36,407 - WARNING -   SMUD: 263 gaps, largest: 0 days 02:35:00
2025-09-02 07:05:36,407 - WARNING -   PGE_VALLEY: 236 gaps, largest: 0 days 02:35:00
2025-09-02 07:05:36,407 - WARNING -   SP15: 234 gaps, largest: 0 days 02:35:00
2025-09-02 07:05:36,407 - WARNING -   SDGE: 263 gaps, largest: 0 days 02:35:00
2025-09-02 07:36:28,856 - WARNING - Found temporal gaps in 7 zones
2025-09-02 07:36:28,859 - WARNING -   SYSTEM: 263 gaps, largest: 0 days 02:35:00
2025-09-02 07:36:28,859 - WARNING -   NP15: 263 gaps, largest: 0 days 02:35:00
2025-09-02 07:36:28,859 - WARNING -   SCE: 263 gaps, largest: 0 days 02:35:00
2025-09-02 07:36:28,859 - WARNING -   SMUD: 263 gaps, largest: 0 days 02:35:00
2025-09-02 07:36:28,859 - WARNING -   PGE_VALLEY: 236 gaps, largest: 0 days 02:35:00
2025-09-02 07:36:28,859 - WARNING -   SP15: 234 gaps, largest: 0 days 02:35:00
2025-09-02 07:36:28,859 - WARNING -   SDGE: 263 gaps, largest: 0 days 02:35:00
2025-09-02 08:07:20,311 - WARNING - Found temporal gaps in 7 zones
2025-09-02 08:07:20,313 - WARNING -   SYSTEM: 263 gaps, largest: 0 days 02:35:00
2025-09-02 08:07:20,314 - WARNING -   NP15: 263 gaps, largest: 0 days 02:35:00
2025-09-02 08:07:20,314 - WARNING -   SCE: 263 gaps, largest: 0 days 02:35:00
2025-09-02 08:07:20,314 - WARNING -   SMUD: 263 gaps, largest: 0 days 02:35:00
2025-09-02 08:07:20,314 - WARNING -   PGE_VALLEY: 236 gaps, largest: 0 days 02:35:00
2025-09-02 08:07:20,314 - WARNING -   SP15: 234 gaps, largest: 0 days 02:35:00
2025-09-02 08:07:20,314 - WARNING -   SDGE: 263 gaps, largest: 0 days 02:35:00
2025-09-02 08:38:11,674 - WARNING - Found temporal gaps in 7 zones
2025-09-02 08:38:11,676 - WARNING -   SYSTEM: 263 gaps, largest: 0 days 02:35:00
2025-09-02 08:38:11,676 - WARNING -   NP15: 263 gaps, largest: 0 days 02:35:00
2025-09-02 08:38:11,676 - WARNING -   SCE: 263 gaps, largest: 0 days 02:35:00
2025-09-02 08:38:11,676 - WARNING -   SMUD: 263 gaps, largest: 0 days 02:35:00
2025-09-02 08:38:11,676 - WARNING -   PGE_VALLEY: 236 gaps, largest: 0 days 02:35:00
2025-09-02 08:38:11,676 - WARNING -   SP15: 234 gaps, largest: 0 days 02:35:00
2025-09-02 08:38:11,676 - WARNING -   SDGE: 263 gaps, largest: 0 days 02:35:00
2025-09-02 09:09:02,967 - WARNING - Found temporal gaps in 7 zones
2025-09-02 09:09:02,970 - WARNING -   SYSTEM: 263 gaps, largest: 0 days 02:35:00
2025-09-02 09:09:02,970 - WARNING -   NP15: 263 gaps, largest: 0 days 02:35:00
2025-09-02 09:09:02,970 - WARNING -   SCE: 263 gaps, largest: 0 days 02:35:00
2025-09-02 09:09:02,970 - WARNING -   SMUD: 263 gaps, largest: 0 days 02:35:00
2025-09-02 09:09:02,970 - WARNING -   PGE_VALLEY: 236 gaps, largest: 0 days 02:35:00
2025-09-02 09:09:02,970 - WARNING -   SP15: 234 gaps, largest: 0 days 02:35:00
2025-09-02 09:09:02,970 - WARNING -   SDGE: 263 gaps, largest: 0 days 02:35:00
