2025-08-29 15:45:48,790 - __main__ - INFO - 🚀 Starting Real-Time Power Demand Forecasting Demonstration
2025-08-29 15:45:48,790 - __main__ - INFO - ======================================================================
2025-08-29 15:45:48,790 - __main__ - INFO - This demonstration showcases the weather forecast integration
2025-08-29 15:45:48,790 - __main__ - INFO - outlined in planning/weather_forecast_integration.md Phase 6
2025-08-29 15:45:48,790 - __main__ - INFO - ======================================================================
2025-08-29 15:45:48,790 - __main__ - INFO - 🔍 Checking data availability for real-time predictions...
2025-08-29 15:45:48,790 - __main__ - INFO - ✅ Power data available: data/master/caiso_california_only.parquet
2025-08-29 15:45:48,790 - __main__ - INFO - ✅ Forecast data available: data/forecasts/raw/weather_forecasts/nws/np15/np15_forecast_latest.parquet
2025-08-29 15:45:48,790 - __main__ - INFO - ✅ Incremental data available: data/incremental/caiso_recent.parquet
2025-08-29 15:45:48,790 - __main__ - INFO - 🔍 Searching for trained models...
2025-08-29 15:45:48,791 - __main__ - INFO - ✅ Found baseline model: data/trained_models/baseline_xgboost_20250829_154035.joblib
2025-08-29 15:45:48,791 - __main__ - INFO - ✅ Found enhanced model: data/trained_models/enhanced_xgboost_20250829_154035.joblib
2025-08-29 15:45:48,791 - __main__ - INFO - Configuration:
2025-08-29 15:45:48,791 - __main__ - INFO -   Zones: ['NP15']
2025-08-29 15:45:48,791 - __main__ - INFO -   Horizons: [1, 6, 12, 24, 48] hours
2025-08-29 15:45:48,791 - __main__ - INFO -   Baseline model: data/trained_models/baseline_xgboost_20250829_154035.joblib
2025-08-29 15:45:48,791 - __main__ - INFO -   Enhanced model: data/trained_models/enhanced_xgboost_20250829_154035.joblib
2025-08-29 15:45:48,791 - __main__ - INFO - 
🔮 Running real-time forecasting demonstration...
2025-08-29 15:45:48,791 - src.prediction.realtime_forecaster - INFO - 🚀 Running real-time forecasting demonstration
2025-08-29 15:45:48,791 - src.prediction.realtime_forecaster - INFO - Initializing real-time forecaster
2025-08-29 15:45:48,797 - src.models.enhanced_xgboost - INFO - Model loaded from data/trained_models/baseline_xgboost_20250829_154035.joblib
2025-08-29 15:45:48,797 - src.prediction.realtime_forecaster - INFO - Loaded baseline model from data/trained_models/baseline_xgboost_20250829_154035.joblib
2025-08-29 15:45:48,812 - src.models.enhanced_xgboost - INFO - Model loaded from data/trained_models/enhanced_xgboost_20250829_154035.joblib
2025-08-29 15:45:48,812 - src.prediction.realtime_forecaster - INFO - Loaded enhanced model from data/trained_models/enhanced_xgboost_20250829_154035.joblib
2025-08-29 15:45:48,812 - src.prediction.realtime_forecaster - INFO - Real-time forecaster initialized successfully
2025-08-29 15:45:48,812 - src.prediction.realtime_forecaster - INFO - Making predictions for NP15 at 2025-08-29 22:45:48.812329+00:00
2025-08-29 15:45:48,812 - src.features.unified_feature_pipeline - INFO - Building unified feature dataset
2025-08-29 15:45:48,812 - src.features.unified_feature_pipeline - INFO - Power data: data/master/caiso_california_only.parquet
2025-08-29 15:45:48,812 - src.features.unified_feature_pipeline - INFO - Weather data: None
2025-08-29 15:45:48,812 - src.features.unified_feature_pipeline - INFO - Forecast data: data/forecasts
2025-08-29 15:45:48,812 - src.features.unified_feature_pipeline - INFO - Loading power data from data/master/caiso_california_only.parquet
2025-08-29 15:45:49,843 - src.features.unified_feature_pipeline - INFO - Loaded power data: 2,967,536 records, 1 zones
2025-08-29 15:45:49,846 - src.features.unified_feature_pipeline - INFO - Date range: 2020-08-28 19:00:00+00:00 to 2025-08-29 22:40:00+00:00
2025-08-29 15:45:49,847 - src.features.unified_feature_pipeline - INFO - Loading forecast weather data from data/forecasts
2025-08-29 15:45:49,850 - src.features.unified_feature_pipeline - INFO - Loaded forecast weather data: 48 records, 1 zones
2025-08-29 15:45:49,850 - src.features.unified_feature_pipeline - INFO - Merging power, weather, and forecast datasets
2025-08-29 15:45:49,874 - src.features.unified_feature_pipeline - INFO - Merging forecast weather data
2025-08-29 15:45:49,874 - src.features.build_forecast_features - INFO - Building comprehensive forecast features
2025-08-29 15:45:49,874 - src.features.build_forecast_features - INFO - Input data: 48 records, 1 zones
2025-08-29 15:45:49,874 - src.features.build_forecast_features - INFO - Creating core forecast features
2025-08-29 15:45:49,877 - src.features.build_forecast_features - INFO - Created core forecast features for 2 horizons
2025-08-29 15:45:49,877 - src.features.build_forecast_features - INFO - Creating weather change features
2025-08-29 15:45:49,879 - src.features.build_forecast_features - INFO - Created weather change features
2025-08-29 15:45:49,879 - src.features.build_forecast_features - INFO - Creating extreme weather features
2025-08-29 15:45:49,880 - src.features.build_forecast_features - INFO - Created extreme weather features
2025-08-29 15:45:49,880 - src.features.build_forecast_features - INFO - Creating forecast uncertainty features
2025-08-29 15:45:49,881 - src.features.build_forecast_features - INFO - Created forecast uncertainty features
2025-08-29 15:45:49,881 - src.features.build_forecast_features - INFO - Created 20 forecast features
2025-08-29 15:45:50,305 - src.features.unified_feature_pipeline - INFO - After forecast merge: 2967536 records
2025-08-29 15:45:50,711 - src.features.unified_feature_pipeline - INFO - Dataset merge completed: 2967536 records, 26 columns
2025-08-29 15:45:50,711 - src.features.unified_feature_pipeline - INFO - Creating temporal features
2025-08-29 15:45:51,044 - src.features.unified_feature_pipeline - INFO - Created temporal features
2025-08-29 15:45:51,063 - src.features.unified_feature_pipeline - INFO - Creating power lag features for lags: [1, 24]
2025-08-29 15:45:52,457 - src.features.unified_feature_pipeline - INFO - Created 2 lag features
2025-08-29 15:45:52,499 - src.features.unified_feature_pipeline - INFO - Creating weather interaction features
2025-08-29 15:45:52,602 - src.features.unified_feature_pipeline - INFO - Created weather interaction features
2025-08-29 15:45:52,622 - src.features.unified_feature_pipeline - INFO - Unified feature dataset completed: 2967536 records, 40 features
2025-08-29 15:45:53,138 - src.prediction.realtime_forecaster - INFO - Generated 5 predictions for NP15
2025-08-29 15:45:53,138 - src.prediction.realtime_forecaster - INFO - Generating forecast report
2025-08-29 15:45:53,139 - src.prediction.realtime_forecaster - INFO - ✅ Real-time forecasting demonstration completed
2025-08-29 15:45:53,139 - src.prediction.realtime_forecaster - INFO - Generated 5 predictions across 1 zones
2025-08-29 15:45:53,139 - __main__ - INFO - 📊 REAL-TIME FORECASTING RESULTS
2025-08-29 15:45:53,139 - __main__ - INFO - ============================================================
2025-08-29 15:45:53,139 - __main__ - INFO - Generated at: 2025-08-29T22:45:53.138882+00:00
2025-08-29 15:45:53,139 - __main__ - INFO - Total predictions: 5
2025-08-29 15:45:53,139 - __main__ - INFO - Zones: NP15
2025-08-29 15:45:53,139 - __main__ - INFO - Horizons: 1, 6, 12, 48, 24 hours
2025-08-29 15:45:53,139 - __main__ - INFO - 
🌤️  Forecast Availability:
2025-08-29 15:45:53,139 - __main__ - INFO -   Predictions with forecasts: 0
2025-08-29 15:45:53,139 - __main__ - INFO -   Predictions without forecasts: 5
2025-08-29 15:45:53,139 - __main__ - INFO -   Forecast coverage: 0.0%
2025-08-29 15:45:53,139 - __main__ - INFO - 
📈 Performance Summary:
2025-08-29 15:45:53,139 - __main__ - INFO -   Mean improvement: +1.14%
2025-08-29 15:45:53,139 - __main__ - INFO -   Median improvement: +1.14%
2025-08-29 15:45:53,139 - __main__ - INFO -   Best improvement: +1.14%
2025-08-29 15:45:53,139 - __main__ - INFO -   Worst improvement: +1.14%
2025-08-29 15:45:53,139 - __main__ - INFO -   ⚠️  Target not achieved: <5% average improvement
2025-08-29 15:45:53,139 - __main__ - INFO - 
🔮 Individual Predictions:
2025-08-29 15:45:53,139 - __main__ - INFO - Zone   Horizon  Baseline   Enhanced   Improve%   Forecast 
2025-08-29 15:45:53,139 - __main__ - INFO - ------------------------------------------------------------
2025-08-29 15:45:53,139 - __main__ - INFO - NP15   1h       5771.8     5837.6     +1.1%      No       
2025-08-29 15:45:53,139 - __main__ - INFO - NP15   6h       5771.8     5837.6     +1.1%      No       
2025-08-29 15:45:53,139 - __main__ - INFO - NP15   12h      5771.8     5837.6     +1.1%      No       
2025-08-29 15:45:53,139 - __main__ - INFO - NP15   24h      5771.8     5837.6     +1.1%      No       
2025-08-29 15:45:53,139 - __main__ - INFO - NP15   48h      5771.8     5837.6     +1.1%      No       
2025-08-29 15:45:53,139 - __main__ - INFO - 💾 Demonstration results saved: data/demo_results/realtime_forecast_demo_20250829_154553.json
2025-08-29 15:45:53,141 - __main__ - INFO - 📊 Predictions CSV saved: data/demo_results/predictions_summary_20250829_154553.csv
2025-08-29 15:45:53,141 - __main__ - INFO - 
======================================================================
2025-08-29 15:45:53,141 - __main__ - INFO - ℹ️  Limited forecast coverage detected.
2025-08-29 15:45:53,141 - __main__ - INFO -    Forecast value will be higher with more recent forecast data.
2025-08-29 15:45:53,141 - __main__ - INFO -    Run forecast collection: python scripts/collect_weather_forecasts.py
2025-08-29 15:45:53,141 - __main__ - INFO - 
🚀 Real-time forecasting system is operational!
2025-08-29 15:45:53,141 - __main__ - INFO -    Ready for production deployment and continuous improvement.
